c:\users\christian\desktop\consoleapplication3\consoleapplication3\x64\debug\vc143.pdb
c:\users\christian\desktop\consoleapplication3\consoleapplication3\x64\debug\vc143.idb
c:\users\christian\desktop\consoleapplication3\consoleapplication3\x64\debug\user.obj
c:\users\christian\desktop\consoleapplication3\consoleapplication3\x64\debug\reduceri.obj
c:\users\christian\desktop\consoleapplication3\consoleapplication3\x64\debug\produs.obj
c:\users\christian\desktop\consoleapplication3\consoleapplication3\x64\debug\meniu.obj
c:\users\christian\desktop\consoleapplication3\consoleapplication3\x64\debug\cos.obj
c:\users\christian\desktop\consoleapplication3\consoleapplication3\x64\debug\consoleapplication3.obj
c:\users\christian\desktop\consoleapplication3\consoleapplication3\x64\debug\buy.obj
c:\users\christian\desktop\consoleapplication3\consoleapplication3\x64\debug\adduser.obj
c:\users\christian\desktop\consoleapplication3\consoleapplication3\x64\debug\consoleapplication3.res
c:\users\christian\desktop\consoleapplication3\x64\debug\consoleapplication3.pdb
c:\users\christian\desktop\consoleapplication3\consoleapplication3\x64\debug\consolea.a1f975b9.tlog\cl.command.1.tlog
c:\users\christian\desktop\consoleapplication3\consoleapplication3\x64\debug\consolea.a1f975b9.tlog\cl.read.1.tlog
c:\users\christian\desktop\consoleapplication3\consoleapplication3\x64\debug\consolea.a1f975b9.tlog\cl.write.1.tlog
c:\users\christian\desktop\consoleapplication3\consoleapplication3\x64\debug\consolea.a1f975b9.tlog\link-cvtres.read.1.tlog
c:\users\christian\desktop\consoleapplication3\consoleapplication3\x64\debug\consolea.a1f975b9.tlog\link-cvtres.write.1.tlog
c:\users\christian\desktop\consoleapplication3\consoleapplication3\x64\debug\consolea.a1f975b9.tlog\link-rc.read.1.tlog
c:\users\christian\desktop\consoleapplication3\consoleapplication3\x64\debug\consolea.a1f975b9.tlog\link-rc.write.1.tlog
c:\users\christian\desktop\consoleapplication3\consoleapplication3\x64\debug\consolea.a1f975b9.tlog\link.command.1.tlog
c:\users\christian\desktop\consoleapplication3\consoleapplication3\x64\debug\consolea.a1f975b9.tlog\link.read.1.tlog
c:\users\christian\desktop\consoleapplication3\consoleapplication3\x64\debug\consolea.a1f975b9.tlog\link.read.2.tlog
c:\users\christian\desktop\consoleapplication3\consoleapplication3\x64\debug\consolea.a1f975b9.tlog\link.write.1.tlog
c:\users\christian\desktop\consoleapplication3\consoleapplication3\x64\debug\consolea.a1f975b9.tlog\rc.command.1.tlog
c:\users\christian\desktop\consoleapplication3\consoleapplication3\x64\debug\consolea.a1f975b9.tlog\rc.read.1.tlog
c:\users\christian\desktop\consoleapplication3\consoleapplication3\x64\debug\consolea.a1f975b9.tlog\rc.write.1.tlog
